MATLAB is selecting SOFTWARE rendering.
Opening log file:  /home/yangshuo/java.log.24912

                            < M A T L A B (R) >
                  Copyright 1984-2024 The MathWorks, Inc.
             R2024b Update 3 (24.2.0.2806996) 64-bit (glnxa64)
                             November 26, 2024

 
To get started, type doc.
For product information, visit www.mathworks.com.
 
>> >> >> >> >> >> >> >> >> >> >> >> >> >> >> >> >> >> >> >> >> >> >> >> >> >> >> >> >> >> >> >> >> >> >> === BFC Plotting Simulation ===
>> >> >> >> >> >> >> >> >> >> >>>>>>>>>>>>>>>>>>>>>>>>>>>>>>>>>>>>>>>>>>>>Message Length: m = 4 bits (r=2, K=2), Codeword Length: 3
Total Message Space: 16

Simulating r = 2 (n = 3.58)...
Hamming weight of boolean function (S): 6
Empirical Error Probability: 0.457400
Message Length: m = 6 bits (r=3, K=2), Codeword Length: 3
Total Message Space: 64

Simulating r = 3 (n = 4.58)...
Empirical Error Probability: 0.681912
Message Length: m = 8 bits (r=4, K=2), Codeword Length: 3
Total Message Space: 256

Simulating r = 4 (n = 5.58)...
Empirical Error Probability: 0.724575
Message Length: m = 10 bits (r=5, K=2), Codeword Length: 3
Total Message Space: 1024

Simulating r = 5 (n = 6.58)...
Empirical Error Probability: 0.622263
Message Length: m = 12 bits (r=6, K=2), Codeword Length: 3
Total Message Space: 4096

Simulating r = 6 (n = 7.58)...
Empirical Error Probability: 0.394728
Message Length: m = 14 bits (r=7, K=2), Codeword Length: 3
Total Message Space: 16384

Simulating r = 7 (n = 8.58)...
Empirical Error Probability: 0.285818
Message Length: m = 16 bits (r=8, K=2), Codeword Length: 3
Total Message Space: 65536

Simulating r = 8 (n = 9.58)...
Empirical Error Probability: 0.179126
Message Length: m = 18 bits (r=9, K=2), Codeword Length: 3
Total Message Space: 262144

Simulating r = 9 (n = 10.58)...
Empirical Error Probability: 0.109481
Message Length: m = 20 bits (r=10, K=2), Codeword Length: 3
Total Message Space: 1048576

Simulating r = 10 (n = 11.58)...
Empirical Error Probability: 0.065576
Message Length: m = 22 bits (r=11, K=2), Codeword Length: 3
Total Message Space: 4194304

Simulating r = 11 (n = 12.58)...
Empirical Error Probability: 0.038128
Message Length: m = 24 bits (r=12, K=2), Codeword Length: 3
Total Message Space: 16777216

Simulating r = 12 (n = 13.58)...
Empirical Error Probability: 0.022374
Message Length: m = 26 bits (r=13, K=2), Codeword Length: 3
Total Message Space: 67108864

Simulating r = 13 (n = 14.58)...
Empirical Error Probability: 0.012915
Message Length: m = 28 bits (r=14, K=2), Codeword Length: 3
Total Message Space: 268435456

Simulating r = 14 (n = 15.58)...
Empirical Error Probability: 0.007489
Message Length: m = 30 bits (r=15, K=2), Codeword Length: 3
Total Message Space: 1073741824

Simulating r = 15 (n = 16.58)...
Empirical Error Probability: 0.004104
Message Length: m = 32 bits (r=16, K=2), Codeword Length: 3
Total Message Space: 4294967296

Simulating r = 16 (n = 17.58)...
>> >> >> >> >> >> >> >> >> >> >> >> >> >> >> >> [Warning: MATLAB has disabled some advanced graphics rendering features by
switching to software OpenGL. For more information, click <a
href="matlab:opengl('problems')">here</a>.] 
>> >> >> >> >> >> >> >> >> >> >> >> >> >> >> >> >> >> 
=== Simulation Complete ===
Plot has been generated.
>> Elapsed time is 1429.616970 seconds.
>> 