MATLAB is selecting SOFTWARE rendering.
Opening log file:  /home/yangshuo/java.log.19323

                            < M A T L A B (R) >
                  Copyright 1984-2024 The MathWorks, Inc.
             R2024b Update 3 (24.2.0.2806996) 64-bit (glnxa64)
                             November 26, 2024

 
To get started, type doc.
For product information, visit www.mathworks.com.
 
>> >> >> >> >> >> >> >> >> >> >> >> >> >> >> >> >> >> >> >> >> >> >> >> >> >> >> >> >> === BFC Plotting Simulation ===
>> Message Length: m = 20 bits (r=10, K=2)
>> Total Message Space: 1048576
>> >> >> >> >> >> >> >> >> >> >>>>>>>>>>>>>>>>>>>>>>>>>>>>>>>>>>>>>>
Simulating L = 4 (n = 12.00)...
>> >> >> >> >> >> >> >> >> >> >> >> >> >> >> >> >> >> >> >> [Warning: MATLAB has disabled some advanced graphics rendering features by
switching to software OpenGL. For more information, click <a
href="matlab:opengl('problems')">here</a>.] 
>> >> >> >> >> >> >> >> >> >> >> >> >> >> >> >> >> >> 
=== Simulation Complete ===
Plot has been generated.
>> Elapsed time is 13.639345 seconds.
>> 