MATLAB is selecting SOFTWARE rendering.
Opening log file:  /home/yangshuo/java.log.16289

                            < M A T L A B (R) >
                  Copyright 1984-2024 The MathWorks, Inc.
             R2024b Update 3 (24.2.0.2806996) 64-bit (glnxa64)
                             November 26, 2024

 
To get started, type doc.
For product information, visit www.mathworks.com.
 
>> >> >> >> >> >> >> >> >> >> >> >> >> >> >> >> >> >> >> >> >> Starting Sweep for Error vs n Plot...
>> Fixed Parameter: K = 3, r = 6, m = 18

>> >> >> >> >> >> >> >> >> >> >> >> >> >> Calculating Theoretical and Traditional bounds up to n = 18...
>> >>>>>>>>>>>>>>>>>>>>>>>>>>>> >> >> 
Running Monte Carlo simulation for constrained L values...
>> >>>>>>>>>>>>>>>>>>>>>>>>>>>>>>>>>>>>>>>>>>>>>>>>>>>>>>>>>>Testing r=6, L=4 -> n=8.00 bits, (Total messages: 262144)...
Testing r=6, L=8 -> n=9.00 bits, (Total messages: 262144)...
Testing r=6, L=16 -> n=10.00 bits, (Total messages: 262144)...
Testing r=6, L=32 -> n=11.00 bits, (Total messages: 262144)...
Testing r=6, L=64 -> n=12.00 bits, (Total messages: 262144)...
Testing r=6, L=128 -> n=13.00 bits, (Total messages: 262144)...
Testing r=6, L=256 -> n=14.00 bits, (Total messages: 262144)...
>> >> 
Simulation complete! Generating plot...
>> >> >> >> >> >> [Warning: MATLAB has disabled some advanced graphics rendering features by
switching to software OpenGL. For more information, click <a
href="matlab:opengl('problems')">here</a>.] 
>> >> >> >> >> >> >> >> >> >> >> >> >> >> >> >>>>>>>> >> >> >> >> >> >> >> >> 