MATLAB is selecting SOFTWARE rendering.
Opening log file:  /home/yangshuo/java.log.39291

                            < M A T L A B (R) >
                  Copyright 1984-2024 The MathWorks, Inc.
             R2024b Update 3 (24.2.0.2806996) 64-bit (glnxa64)
                             November 26, 2024

 
To get started, type doc.
For product information, visit www.mathworks.com.
 
>> >> >> >> >> >> >> >> >> >> >> >> >> >> >> >> >> >> >> >> >> >> >> >> >> >> >> >> >> >> >> >> >> >> >> >> >> === BFC Plotting Simulation ===
>> Message Length: m = 20 bits (r=10, K=2)
>> Total Message Space: 1048576
>> >> >> >> >> >> >> >> >> >> >>>>>>>>>>>>>>>>>>>>>>>>>>>>>>>>>>>>>>
Simulating L = 4 (n = 12.00)...
Hamming weight of boolean function (S): 190
Empirical Error Probability: 0.060393

Simulating L = 8 (n = 13.00)...
Empirical Error Probability: 0.082162

Simulating L = 16 (n = 14.00)...
Empirical Error Probability: 0.117168

Simulating L = 32 (n = 15.00)...
Empirical Error Probability: 0.142409

Simulating L = 64 (n = 16.00)...
Empirical Error Probability: 0.158490

Simulating L = 128 (n = 17.00)...
Empirical Error Probability: 0.166325

Simulating L = 256 (n = 18.00)...
Empirical Error Probability: 0.169389

Simulating L = 512 (n = 19.00)...
Empirical Error Probability: 0.172357

Simulating L = 1023 (n = 20.00)...
Empirical Error Probability: 0.171768
>> >> >> >> >> >> >> >> >> >> >> >> >> >> >> >> >> >> >> >> [Warning: MATLAB has disabled some advanced graphics rendering features by
switching to software OpenGL. For more information, click <a
href="matlab:opengl('problems')">here</a>.] 
>> >> >> >> >> >> >> >> >> >> >> >> >> >> >> >> >> >> 
=== Simulation Complete ===
Plot has been generated.
>> Elapsed time is 12643.965761 seconds.
>> 