MATLAB is selecting SOFTWARE rendering.
Opening log file:  /home/yangshuo/java.log.50112

                            < M A T L A B (R) >
                  Copyright 1984-2024 The MathWorks, Inc.
             R2024b Update 3 (24.2.0.2806996) 64-bit (glnxa64)
                             November 26, 2024

 
To get started, type doc.
For product information, visit www.mathworks.com.
 
>> >> >> >> >> >> >> >> >> >> >> >> >> >> >> >> >> >> >> >> >> >> >> >> >> >> >> >> >> >> >> >> >> >> >> === BFC Plotting Simulation ===
>> >> >> >> >> >> >> >> >> >>>>>>>>>>>>>>>>>>>>>>>>>>>>>>>>>>>>>>>>Message Length: m = 4 bits (r=2, K=2), Codeword Length: 3
Total Message Space: 16

Simulating r = 2 (n = 3.58)...
Hamming weight of boolean function (S): 6
Empirical Error Probability: 0.457400
Message Length: m = 6 bits (r=3, K=2), Codeword Length: 3
Total Message Space: 64

Simulating r = 3 (n = 4.58)...
Hamming weight of boolean function (S): 15
Empirical Error Probability: 0.681912
Message Length: m = 8 bits (r=4, K=2), Codeword Length: 3
Total Message Space: 256

Simulating r = 4 (n = 5.58)...
Hamming weight of boolean function (S): 28
Empirical Error Probability: 0.724575
Message Length: m = 10 bits (r=5, K=2), Codeword Length: 3
Total Message Space: 1024

Simulating r = 5 (n = 6.58)...
Hamming weight of boolean function (S): 45
Empirical Error Probability: 0.622263
Message Length: m = 12 bits (r=6, K=2), Codeword Length: 3
Total Message Space: 4096

Simulating r = 6 (n = 7.58)...
Hamming weight of boolean function (S): 66
Empirical Error Probability: 0.394728
Message Length: m = 14 bits (r=7, K=2), Codeword Length: 3
Total Message Space: 16384

Simulating r = 7 (n = 8.58)...
Hamming weight of boolean function (S): 91
Empirical Error Probability: 0.285818
Message Length: m = 16 bits (r=8, K=2), Codeword Length: 3
Total Message Space: 65536

Simulating r = 8 (n = 9.58)...
Hamming weight of boolean function (S): 120
Empirical Error Probability: 0.179126
Message Length: m = 18 bits (r=9, K=2), Codeword Length: 3
Total Message Space: 262144

Simulating r = 9 (n = 10.58)...
Hamming weight of boolean function (S): 153
Empirical Error Probability: 0.109481
Message Length: m = 20 bits (r=10, K=2), Codeword Length: 3
Total Message Space: 1048576

Simulating r = 10 (n = 11.58)...
Hamming weight of boolean function (S): 190
Empirical Error Probability: 0.065576
Message Length: m = 22 bits (r=11, K=2), Codeword Length: 3
Total Message Space: 4194304

Simulating r = 11 (n = 12.58)...
Hamming weight of boolean function (S): 231
Empirical Error Probability: 0.038128
Message Length: m = 24 bits (r=12, K=2), Codeword Length: 3
Total Message Space: 16777216

Simulating r = 12 (n = 13.58)...
Hamming weight of boolean function (S): 276
Empirical Error Probability: 0.022374
Message Length: m = 26 bits (r=13, K=2), Codeword Length: 3
Total Message Space: 67108864

Simulating r = 13 (n = 14.58)...
Hamming weight of boolean function (S): 325
Empirical Error Probability: 0.012915
Message Length: m = 28 bits (r=14, K=2), Codeword Length: 3
Total Message Space: 268435456

Simulating r = 14 (n = 15.58)...
Hamming weight of boolean function (S): 378
Empirical Error Probability: 0.007489
Message Length: m = 30 bits (r=15, K=2), Codeword Length: 3
Total Message Space: 1073741824

Simulating r = 15 (n = 16.58)...
Hamming weight of boolean function (S): 435
Empirical Error Probability: 0.004104
Message Length: m = 32 bits (r=16, K=2), Codeword Length: 3
Total Message Space: 4294967296

Simulating r = 16 (n = 17.58)...
Job ID           : 26258993
Cluster          : spartan
User/Project     : yangshuo/punim2792
Nodes            : 1
Wall-clock time  : 01:28:44 / 02:00:00

Displaying overall resources usage from 2026-06-18 13:26:42 to 2026-06-18 14:55:26:

NODE            CPU#        TOT%   ( USR   / SYS   / WIO   / IDLE  ) 

spartan-bm193 : 
                CPU# 1    : 99.5   (  79.2 /  20.3 /   0.0 /   0.4 ) 


Allocated CPUs            : 1    
  CPUs with usage <25%    : 0    
  CPUs with usage <50%    : 0    
  CPUs with usage >50%    : 1    

Memory used (RAM)         : 95.4%  [1048555MB of 1099512MB]

--------------------------------------------

Job completed successfully.
Jun 18 14:54:39 spartan-bm193 kernel: Memory cgroup stats for /system.slice/slurmstepd.scope/job_26258993:
Jun 18 14:54:39 spartan-bm193 kernel: oom-kill:constraint=CONSTRAINT_MEMCG,nodemask=(null),cpuset=task_0,mems_allowed=0-3,oom_memcg=/system.slice/slurmstepd.scope/job_26258993,task_memcg=/system.slice/slurmstepd.scope/job_26258993/step_batch/user/task_0,task=MATLAB,pid=246720,uid=18349
Jun 18 14:54:39 spartan-bm193 kernel: Memory cgroup out of memory: Killed process 246720 (MATLAB) total-vm:1117416608kB, anon-rss:1071499048kB, file-rss:448512kB, shmem-rss:0kB, UID:18349 pgtables:2099008kB oom_score_adj:0
